<testsuites id="" name="" tests="45" failures="0" skipped="0" errors="0" time="8.777298">
<testsuite name="canonical-raw-html.spec.js" timestamp="2025-08-09T23:34:13.239Z" hostname="chromium" tests="9" failures="0" skipped="0" time="1.218" errors="0">
<testcase name="Raw HTML Canonical URLs (Server-Side) › Homepage has correct canonical in server HTML" classname="canonical-raw-html.spec.js" time="0.182">
</testcase>
<testcase name="Raw HTML Canonical URLs (Server-Side) › First display item has self-canonical in server HTML" classname="canonical-raw-html.spec.js" time="0.187">
</testcase>
<testcase name="Raw HTML Canonical URLs (Server-Side) › Second display item has self-canonical in server HTML" classname="canonical-raw-html.spec.js" time="0.192">
</testcase>
<testcase name="Raw HTML Canonical URLs (Server-Side) › Blog listing page has correct canonical" classname="canonical-raw-html.spec.js" time="0.046">
</testcase>
<testcase name="Raw HTML Canonical URLs (Server-Side) › Additional blog post has self-canonical" classname="canonical-raw-html.spec.js" time="0.046">
</testcase>
<testcase name="Raw HTML Canonical URLs (Server-Side) › All canonicals are absolute URLs with correct domain" classname="canonical-raw-html.spec.js" time="0.194">
</testcase>
<testcase name="Raw HTML Canonical URLs (Server-Side) › Server HTML contains comprehensive meta tags" classname="canonical-raw-html.spec.js" time="0.051">
</testcase>
<testcase name="Raw HTML Canonical URLs (Server-Side) › Canonical URLs match live URL patterns exactly" classname="canonical-raw-html.spec.js" time="0.139">
</testcase>
<testcase name="Raw HTML Canonical URLs (Server-Side) › No homepage canonical leakage on non-homepage pages" classname="canonical-raw-html.spec.js" time="0.181">
</testcase>
</testsuite>
<testsuite name="canonical-raw-html.spec.js" timestamp="2025-08-09T23:34:13.239Z" hostname="firefox" tests="9" failures="0" skipped="0" time="1.233" errors="0">
<testcase name="Raw HTML Canonical URLs (Server-Side) › Homepage has correct canonical in server HTML" classname="canonical-raw-html.spec.js" time="0.174">
</testcase>
<testcase name="Raw HTML Canonical URLs (Server-Side) › First display item has self-canonical in server HTML" classname="canonical-raw-html.spec.js" time="0.183">
</testcase>
<testcase name="Raw HTML Canonical URLs (Server-Side) › Second display item has self-canonical in server HTML" classname="canonical-raw-html.spec.js" time="0.178">
</testcase>
<testcase name="Raw HTML Canonical URLs (Server-Side) › Blog listing page has correct canonical" classname="canonical-raw-html.spec.js" time="0.047">
</testcase>
<testcase name="Raw HTML Canonical URLs (Server-Side) › Additional blog post has self-canonical" classname="canonical-raw-html.spec.js" time="0.048">
</testcase>
<testcase name="Raw HTML Canonical URLs (Server-Side) › All canonicals are absolute URLs with correct domain" classname="canonical-raw-html.spec.js" time="0.235">
</testcase>
<testcase name="Raw HTML Canonical URLs (Server-Side) › Server HTML contains comprehensive meta tags" classname="canonical-raw-html.spec.js" time="0.05">
</testcase>
<testcase name="Raw HTML Canonical URLs (Server-Side) › Canonical URLs match live URL patterns exactly" classname="canonical-raw-html.spec.js" time="0.128">
</testcase>
<testcase name="Raw HTML Canonical URLs (Server-Side) › No homepage canonical leakage on non-homepage pages" classname="canonical-raw-html.spec.js" time="0.19">
</testcase>
</testsuite>
<testsuite name="canonical-raw-html.spec.js" timestamp="2025-08-09T23:34:13.239Z" hostname="webkit" tests="9" failures="0" skipped="0" time="1.295" errors="0">
<testcase name="Raw HTML Canonical URLs (Server-Side) › Homepage has correct canonical in server HTML" classname="canonical-raw-html.spec.js" time="0.188">
</testcase>
<testcase name="Raw HTML Canonical URLs (Server-Side) › First display item has self-canonical in server HTML" classname="canonical-raw-html.spec.js" time="0.176">
</testcase>
<testcase name="Raw HTML Canonical URLs (Server-Side) › Second display item has self-canonical in server HTML" classname="canonical-raw-html.spec.js" time="0.169">
</testcase>
<testcase name="Raw HTML Canonical URLs (Server-Side) › Blog listing page has correct canonical" classname="canonical-raw-html.spec.js" time="0.046">
</testcase>
<testcase name="Raw HTML Canonical URLs (Server-Side) › Additional blog post has self-canonical" classname="canonical-raw-html.spec.js" time="0.051">
</testcase>
<testcase name="Raw HTML Canonical URLs (Server-Side) › All canonicals are absolute URLs with correct domain" classname="canonical-raw-html.spec.js" time="0.23">
</testcase>
<testcase name="Raw HTML Canonical URLs (Server-Side) › Server HTML contains comprehensive meta tags" classname="canonical-raw-html.spec.js" time="0.058">
</testcase>
<testcase name="Raw HTML Canonical URLs (Server-Side) › Canonical URLs match live URL patterns exactly" classname="canonical-raw-html.spec.js" time="0.172">
</testcase>
<testcase name="Raw HTML Canonical URLs (Server-Side) › No homepage canonical leakage on non-homepage pages" classname="canonical-raw-html.spec.js" time="0.205">
</testcase>
</testsuite>
<testsuite name="canonical-raw-html.spec.js" timestamp="2025-08-09T23:34:13.239Z" hostname="Mobile Chrome" tests="9" failures="0" skipped="0" time="1.229" errors="0">
<testcase name="Raw HTML Canonical URLs (Server-Side) › Homepage has correct canonical in server HTML" classname="canonical-raw-html.spec.js" time="0.196">
</testcase>
<testcase name="Raw HTML Canonical URLs (Server-Side) › First display item has self-canonical in server HTML" classname="canonical-raw-html.spec.js" time="0.183">
</testcase>
<testcase name="Raw HTML Canonical URLs (Server-Side) › Second display item has self-canonical in server HTML" classname="canonical-raw-html.spec.js" time="0.197">
</testcase>
<testcase name="Raw HTML Canonical URLs (Server-Side) › Blog listing page has correct canonical" classname="canonical-raw-html.spec.js" time="0.05">
</testcase>
<testcase name="Raw HTML Canonical URLs (Server-Side) › Additional blog post has self-canonical" classname="canonical-raw-html.spec.js" time="0.056">
</testcase>
<testcase name="Raw HTML Canonical URLs (Server-Side) › All canonicals are absolute URLs with correct domain" classname="canonical-raw-html.spec.js" time="0.189">
</testcase>
<testcase name="Raw HTML Canonical URLs (Server-Side) › Server HTML contains comprehensive meta tags" classname="canonical-raw-html.spec.js" time="0.045">
</testcase>
<testcase name="Raw HTML Canonical URLs (Server-Side) › Canonical URLs match live URL patterns exactly" classname="canonical-raw-html.spec.js" time="0.127">
</testcase>
<testcase name="Raw HTML Canonical URLs (Server-Side) › No homepage canonical leakage on non-homepage pages" classname="canonical-raw-html.spec.js" time="0.186">
</testcase>
</testsuite>
<testsuite name="canonical-raw-html.spec.js" timestamp="2025-08-09T23:34:13.239Z" hostname="Mobile Safari" tests="9" failures="0" skipped="0" time="1.192" errors="0">
<testcase name="Raw HTML Canonical URLs (Server-Side) › Homepage has correct canonical in server HTML" classname="canonical-raw-html.spec.js" time="0.191">
</testcase>
<testcase name="Raw HTML Canonical URLs (Server-Side) › First display item has self-canonical in server HTML" classname="canonical-raw-html.spec.js" time="0.188">
</testcase>
<testcase name="Raw HTML Canonical URLs (Server-Side) › Second display item has self-canonical in server HTML" classname="canonical-raw-html.spec.js" time="0.167">
</testcase>
<testcase name="Raw HTML Canonical URLs (Server-Side) › Blog listing page has correct canonical" classname="canonical-raw-html.spec.js" time="0.044">
</testcase>
<testcase name="Raw HTML Canonical URLs (Server-Side) › Additional blog post has self-canonical" classname="canonical-raw-html.spec.js" time="0.048">
</testcase>
<testcase name="Raw HTML Canonical URLs (Server-Side) › All canonicals are absolute URLs with correct domain" classname="canonical-raw-html.spec.js" time="0.187">
</testcase>
<testcase name="Raw HTML Canonical URLs (Server-Side) › Server HTML contains comprehensive meta tags" classname="canonical-raw-html.spec.js" time="0.051">
</testcase>
<testcase name="Raw HTML Canonical URLs (Server-Side) › Canonical URLs match live URL patterns exactly" classname="canonical-raw-html.spec.js" time="0.133">
</testcase>
<testcase name="Raw HTML Canonical URLs (Server-Side) › No homepage canonical leakage on non-homepage pages" classname="canonical-raw-html.spec.js" time="0.183">
</testcase>
</testsuite>
</testsuites>